#
# A fatal error has been detected by the Java Runtime Environment:
#
#  EXCEPTION_ACCESS_VIOLATION (0xc0000005) at pc=0x0000000061b199ca, pid=16328, tid=0x00000000000038ac
#
# JRE version: Java(TM) SE Runtime Environment (8.0_181-b13) (build 1.8.0_181-b13)
# Java VM: Java HotSpot(TM) 64-Bit Server VM (25.181-b13 mixed mode windows-amd64 compressed oops)
# Problematic frame:
# V  [jvm.dll+0x4599ca]
#
# Failed to write core dump. Minidumps are not enabled by default on client versions of Windows
#
# If you would like to submit a bug report, please visit:
#   http://bugreport.java.com/bugreport/crash.jsp
#

---------------  T H R E A D  ---------------

Current thread (0x000000001768a800):  JavaThread "C2 CompilerThread1" daemon [_thread_in_native, id=14508, stack(0x0000000018df0000,0x0000000018ef0000)]

siginfo: ExceptionCode=0xc0000005, reading address 0x000000001928b704

Registers:
RAX=0x000000001a29fb80, RBX=0x0000000019d1edf0, RCX=0x000000001928b6b8, RDX=0x0000000000000000
RSP=0x0000000018eec0a0, RBP=0x0000000000000008, RSI=0x0000000000000008, RDI=0x0000000000000010
R8 =0xffffffffffffbb60, R9 =0x0000000000000001, R10=0x0000000000000008, R11=0x0000000019d24db0
R12=0x0000000018eec198, R13=0x0000000019d23290, R14=0x0000000018eec2d0, R15=0x000000001a29fad0
RIP=0x0000000061b199ca, EFLAGS=0x0000000000010202

Top of Stack: (sp=0x0000000018eec0a0)
0x0000000018eec0a0:   0000000000000020 0000000000000008
0x0000000018eec0b0:   000000001a37f9a8 0000000000004350
0x0000000018eec0c0:   0000000019d1edf0 0000000000000008
0x0000000018eec0d0:   000000001c301bc8 0000000000000048
0x0000000018eec0e0:   ffffffffffffffff 0000000000000000
0x0000000018eec0f0:   000000001a29fad0 00000000617adb2b
0x0000000018eec100:   0000000000000000 00000000000000f5
0x0000000018eec110:   0000000018eee710 0000000000000000
0x0000000018eec120:   0000000018eee710 000000001c2ce150
0x0000000018eec130:   0000000017646a30 0000000018eec1c8
0x0000000018eec140:   0000000000000008 0000000061b1a23a
0x0000000018eec150:   0000000018eec360 0000000018eec2d0
0x0000000018eec160:   0000000018eec198 0000000000000008
0x0000000018eec170:   0000000017646a30 000000001c2d3b80
0x0000000018eec180:   0000000017646a30 0000000061bbd2e9
0x0000000018eec190:   0000000000001000 0000000000000100 

Instructions: (pc=0x0000000061b199ca)
0x0000000061b199aa:   ca 89 41 fc 75 f0 41 b9 01 00 00 00 45 39 4f 48
0x0000000061b199ba:   76 51 41 ba 08 00 00 00 49 8b 47 40 49 8b 0c 02
0x0000000061b199ca:   8b 41 4c 0f af c6 4c 8d 04 83 48 85 ed 7e 27 49
0x0000000061b199da:   8b cd 4d 2b c5 48 8b d5 66 66 66 66 66 66 0f 1f 


Register to memory mapping:

RAX=0x000000001a29fb80 is an unknown value
RBX=0x0000000019d1edf0 is an unknown value
RCX=0x000000001928b6b8 is an unknown value
RDX=0x0000000000000000 is an unknown value
RSP=0x0000000018eec0a0 is pointing into the stack for thread: 0x000000001768a800
RBP=0x0000000000000008 is an unknown value
RSI=0x0000000000000008 is an unknown value
RDI=0x0000000000000010 is an unknown value
R8 =0xffffffffffffbb60 is an unknown value
R9 =0x0000000000000001 is an unknown value
R10=0x0000000000000008 is an unknown value
R11=0x0000000019d24db0 is an unknown value
R12=0x0000000018eec198 is pointing into the stack for thread: 0x000000001768a800
R13=0x0000000019d23290 is an unknown value
R14=0x0000000018eec2d0 is pointing into the stack for thread: 0x000000001768a800
R15=0x000000001a29fad0 is an unknown value


Stack: [0x0000000018df0000,0x0000000018ef0000],  sp=0x0000000018eec0a0,  free space=1008k
Native frames: (J=compiled Java code, j=interpreted, Vv=VM code, C=native code)
V  [jvm.dll+0x4599ca]
V  [jvm.dll+0x45a23a]
V  [jvm.dll+0x5008a4]
V  [jvm.dll+0x476d52]
V  [jvm.dll+0x479527]
V  [jvm.dll+0x45bd02]
V  [jvm.dll+0xa6b02]
V  [jvm.dll+0xa744f]
V  [jvm.dll+0x245d2f]
V  [jvm.dll+0x29e64a]
C  [msvcr100.dll+0x21d9f]
C  [msvcr100.dll+0x21e3b]
C  [KERNEL32.DLL+0x17974]
C  [ntdll.dll+0x6a271]


Current CompileTask:
C2:  10572 2490       4       org.codehaus.groovy.reflection.ParameterTypes::getParameterTypes (16 bytes)


---------------  P R O C E S S  ---------------

Java Threads: ( => current thread )
  0x000000001a71c800 JavaThread "ForkJoinPool.commonPool-worker-3" daemon [_thread_blocked, id=44108, stack(0x000000001fb00000,0x000000001fc00000)]
  0x000000001a71c000 JavaThread "ForkJoinPool.commonPool-worker-2" daemon [_thread_blocked, id=15772, stack(0x000000001fa00000,0x000000001fb00000)]
  0x000000001c546800 JavaThread "Exec Stream Pumper" daemon [_thread_in_native, id=37476, stack(0x000000001e530000,0x000000001e630000)]
  0x000000001cb4e000 JavaThread "Exec Stream Pumper" daemon [_thread_in_native, id=16532, stack(0x000000001e430000,0x000000001e530000)]
  0x000000001c4be800 JavaThread "UrlChecker-2" daemon [_thread_blocked, id=47516, stack(0x000000001d9c0000,0x000000001dac0000)]
  0x000000001c5a8800 JavaThread "Exec Default Executor" daemon [_thread_in_native, id=11204, stack(0x000000001afc0000,0x000000001b0c0000)]
  0x00000000176dd800 JavaThread "Service Thread" daemon [_thread_blocked, id=20760, stack(0x00000000193f0000,0x00000000194f0000)]
  0x000000001768f000 JavaThread "C1 CompilerThread2" daemon [_thread_blocked, id=18128, stack(0x0000000018ef0000,0x0000000018ff0000)]
=>0x000000001768a800 JavaThread "C2 CompilerThread1" daemon [_thread_in_native, id=14508, stack(0x0000000018df0000,0x0000000018ef0000)]
  0x000000001769a000 JavaThread "C2 CompilerThread0" daemon [_thread_blocked, id=13192, stack(0x0000000018cf0000,0x0000000018df0000)]
  0x0000000017699000 JavaThread "Attach Listener" daemon [_thread_blocked, id=36632, stack(0x0000000018bf0000,0x0000000018cf0000)]
  0x0000000017698000 JavaThread "Signal Dispatcher" daemon [_thread_blocked, id=35660, stack(0x0000000018af0000,0x0000000018bf0000)]
  0x0000000017672000 JavaThread "Finalizer" daemon [_thread_blocked, id=19920, stack(0x00000000188e0000,0x00000000189e0000)]
  0x0000000017668800 JavaThread "Reference Handler" daemon [_thread_blocked, id=38168, stack(0x00000000187e0000,0x00000000188e0000)]
  0x000000000318b000 JavaThread "Forwarding maximizeCurrentWindow on session 8a3263b8599eb8d71ee64a8ccfe13b0f to remote" [_thread_in_native, id=34476, stack(0x0000000003080000,0x0000000003180000)]

Other Threads:
  0x0000000017646000 VMThread [stack: 0x00000000186e0000,0x00000000187e0000] [id=48404]
  0x00000000176de800 WatcherThread [stack: 0x00000000194f0000,0x00000000195f0000] [id=4624]

VM state:not at safepoint (normal execution)

VM Mutex/Monitor currently owned by a thread: None

Heap:
 PSYoungGen      total 141824K, used 83599K [0x00000000da180000, 0x00000000e3680000, 0x0000000100000000)
  eden space 131072K, 63% used [0x00000000da180000,0x00000000df323d28,0x00000000e2180000)
  from space 10752K, 0% used [0x00000000e2c00000,0x00000000e2c00000,0x00000000e3680000)
  to   space 10752K, 0% used [0x00000000e2180000,0x00000000e2180000,0x00000000e2c00000)
 ParOldGen       total 112128K, used 13136K [0x000000008e400000, 0x0000000095180000, 0x00000000da180000)
  object space 112128K, 11% used [0x000000008e400000,0x000000008f0d4020,0x0000000095180000)
 Metaspace       used 27836K, capacity 28362K, committed 28416K, reserved 1075200K
  class space    used 3391K, capacity 3584K, committed 3584K, reserved 1048576K

Card table byte_map: [0x0000000012650000,0x00000000129e0000] byte_map_base: 0x00000000121de000

Marking Bits: (ParMarkBitMap*) 0x0000000061ee2d00
 Begin Bits: [0x0000000013040000, 0x0000000014cb0000)
 End Bits:   [0x0000000014cb0000, 0x0000000016920000)

Polling page: 0x0000000002f50000

CodeCache: size=245760Kb used=10809Kb max_used=10809Kb free=234950Kb
 bounds [0x0000000003290000, 0x0000000003d30000, 0x0000000012290000]
 total_blobs=3176 nmethods=2503 adapters=583
 compilation: enabled

Compilation events (10 events):
Event: 10.437 Thread 0x000000001768f000 nmethod 2509 0x0000000003d1ab10 code [0x0000000003d1ace0, 0x0000000003d1b498]
Event: 10.437 Thread 0x000000001768f000 2508       3       java.lang.Class::getAnnotation (22 bytes)
Event: 10.437 Thread 0x000000001768f000 nmethod 2508 0x0000000003d1a310 code [0x0000000003d1a4c0, 0x0000000003d1a968]
Event: 10.439 Thread 0x000000001768f000 2510       3       com.google.gson.JsonPrimitive::isNumber (8 bytes)
Event: 10.439 Thread 0x000000001768f000 nmethod 2510 0x0000000003d19ed0 code [0x0000000003d1a020, 0x0000000003d1a270]
Event: 10.444 Thread 0x000000001769a000 nmethod 2491 0x0000000003d194d0 code [0x0000000003d19640, 0x0000000003d19b68]
Event: 10.445 Thread 0x000000001769a000 2505       4       groovy.lang.MetaClassImpl::checkIfGroovyObjectMethod (57 bytes)
Event: 10.445 Thread 0x000000001769a000 nmethod 2505 0x0000000003d1d550 code [0x0000000003d1d6a0, 0x0000000003d1d778]
Event: 10.445 Thread 0x000000001769a000 2506       4       java.lang.Class::getGenericInfo (52 bytes)
Event: 10.446 Thread 0x000000001769a000 nmethod 2506 0x0000000003d19150 code [0x0000000003d192c0, 0x0000000003d193e8]

GC Heap History (10 events):
Event: 1.167 GC heap before
{Heap before GC invocations=1 (full 0):
 PSYoungGen      total 76288K, used 65536K [0x00000000da180000, 0x00000000df680000, 0x0000000100000000)
  eden space 65536K, 100% used [0x00000000da180000,0x00000000de180000,0x00000000de180000)
  from space 10752K, 0% used [0x00000000dec00000,0x00000000dec00000,0x00000000df680000)
  to   space 10752K, 0% used [0x00000000de180000,0x00000000de180000,0x00000000dec00000)
 ParOldGen       total 175104K, used 0K [0x000000008e400000, 0x0000000098f00000, 0x00000000da180000)
  object space 175104K, 0% used [0x000000008e400000,0x000000008e400000,0x0000000098f00000)
 Metaspace       used 9943K, capacity 10086K, committed 10496K, reserved 1058816K
  class space    used 1116K, capacity 1169K, committed 1280K, reserved 1048576K
Event: 1.173 GC heap after
Heap after GC invocations=1 (full 0):
 PSYoungGen      total 76288K, used 7104K [0x00000000da180000, 0x00000000df680000, 0x0000000100000000)
  eden space 65536K, 0% used [0x00000000da180000,0x00000000da180000,0x00000000de180000)
  from space 10752K, 66% used [0x00000000de180000,0x00000000de870398,0x00000000dec00000)
  to   space 10752K, 0% used [0x00000000dec00000,0x00000000dec00000,0x00000000df680000)
 ParOldGen       total 175104K, used 16K [0x000000008e400000, 0x0000000098f00000, 0x00000000da180000)
  object space 175104K, 0% used [0x000000008e400000,0x000000008e404000,0x0000000098f00000)
 Metaspace       used 9943K, capacity 10086K, committed 10496K, reserved 1058816K
  class space    used 1116K, capacity 1169K, committed 1280K, reserved 1048576K
}
Event: 2.080 GC heap before
{Heap before GC invocations=2 (full 0):
 PSYoungGen      total 76288K, used 72640K [0x00000000da180000, 0x00000000df680000, 0x0000000100000000)
  eden space 65536K, 100% used [0x00000000da180000,0x00000000de180000,0x00000000de180000)
  from space 10752K, 66% used [0x00000000de180000,0x00000000de870398,0x00000000dec00000)
  to   space 10752K, 0% used [0x00000000dec00000,0x00000000dec00000,0x00000000df680000)
 ParOldGen       total 175104K, used 16K [0x000000008e400000, 0x0000000098f00000, 0x00000000da180000)
  object space 175104K, 0% used [0x000000008e400000,0x000000008e404000,0x0000000098f00000)
 Metaspace       used 18470K, capacity 18740K, committed 19200K, reserved 1067008K
  class space    used 2095K, capacity 2200K, committed 2304K, reserved 1048576K
Event: 2.091 GC heap after
Heap after GC invocations=2 (full 0):
 PSYoungGen      total 76288K, used 10466K [0x00000000da180000, 0x00000000df680000, 0x0000000100000000)
  eden space 65536K, 0% used [0x00000000da180000,0x00000000da180000,0x00000000de180000)
  from space 10752K, 97% used [0x00000000dec00000,0x00000000df6388d0,0x00000000df680000)
  to   space 10752K, 0% used [0x00000000de180000,0x00000000de180000,0x00000000dec00000)
 ParOldGen       total 175104K, used 24K [0x000000008e400000, 0x0000000098f00000, 0x00000000da180000)
  object space 175104K, 0% used [0x000000008e400000,0x000000008e406000,0x0000000098f00000)
 Metaspace       used 18470K, capacity 18740K, committed 19200K, reserved 1067008K
  class space    used 2095K, capacity 2200K, committed 2304K, reserved 1048576K
}
Event: 2.663 GC heap before
{Heap before GC invocations=3 (full 0):
 PSYoungGen      total 76288K, used 76002K [0x00000000da180000, 0x00000000df680000, 0x0000000100000000)
  eden space 65536K, 100% used [0x00000000da180000,0x00000000de180000,0x00000000de180000)
  from space 10752K, 97% used [0x00000000dec00000,0x00000000df6388d0,0x00000000df680000)
  to   space 10752K, 0% used [0x00000000de180000,0x00000000de180000,0x00000000dec00000)
 ParOldGen       total 175104K, used 24K [0x000000008e400000, 0x0000000098f00000, 0x00000000da180000)
  object space 175104K, 0% used [0x000000008e400000,0x000000008e406000,0x0000000098f00000)
 Metaspace       used 20291K, capacity 20574K, committed 20864K, reserved 1067008K
  class space    used 2257K, capacity 2364K, committed 2432K, reserved 1048576K
Event: 2.679 GC heap after
Heap after GC invocations=3 (full 0):
 PSYoungGen      total 76288K, used 10216K [0x00000000da180000, 0x00000000e3680000, 0x0000000100000000)
  eden space 65536K, 0% used [0x00000000da180000,0x00000000da180000,0x00000000de180000)
  from space 10752K, 95% used [0x00000000de180000,0x00000000deb7a0f0,0x00000000dec00000)
  to   space 10752K, 0% used [0x00000000e2c00000,0x00000000e2c00000,0x00000000e3680000)
 ParOldGen       total 175104K, used 32K [0x000000008e400000, 0x0000000098f00000, 0x00000000da180000)
  object space 175104K, 0% used [0x000000008e400000,0x000000008e408000,0x0000000098f00000)
 Metaspace       used 20291K, capacity 20574K, committed 20864K, reserved 1067008K
  class space    used 2257K, capacity 2364K, committed 2432K, reserved 1048576K
}
Event: 2.882 GC heap before
{Heap before GC invocations=4 (full 0):
 PSYoungGen      total 76288K, used 35033K [0x00000000da180000, 0x00000000e3680000, 0x0000000100000000)
  eden space 65536K, 37% used [0x00000000da180000,0x00000000db9bc340,0x00000000de180000)
  from space 10752K, 95% used [0x00000000de180000,0x00000000deb7a0f0,0x00000000dec00000)
  to   space 10752K, 0% used [0x00000000e2c00000,0x00000000e2c00000,0x00000000e3680000)
 ParOldGen       total 175104K, used 32K [0x000000008e400000, 0x0000000098f00000, 0x00000000da180000)
  object space 175104K, 0% used [0x000000008e400000,0x000000008e408000,0x0000000098f00000)
 Metaspace       used 20746K, capacity 20986K, committed 21248K, reserved 1069056K
  class space    used 2326K, capacity 2436K, committed 2560K, reserved 1048576K
Event: 2.900 GC heap after
Heap after GC invocations=4 (full 0):
 PSYoungGen      total 141824K, used 10749K [0x00000000da180000, 0x00000000e3680000, 0x0000000100000000)
  eden space 131072K, 0% used [0x00000000da180000,0x00000000da180000,0x00000000e2180000)
  from space 10752K, 99% used [0x00000000e2c00000,0x00000000e367f548,0x00000000e3680000)
  to   space 10752K, 0% used [0x00000000e2180000,0x00000000e2180000,0x00000000e2c00000)
 ParOldGen       total 175104K, used 2542K [0x000000008e400000, 0x0000000098f00000, 0x00000000da180000)
  object space 175104K, 1% used [0x000000008e400000,0x000000008e67b9a8,0x0000000098f00000)
 Metaspace       used 20746K, capacity 20986K, committed 21248K, reserved 1069056K
  class space    used 2326K, capacity 2436K, committed 2560K, reserved 1048576K
}
Event: 2.900 GC heap before
{Heap before GC invocations=5 (full 1):
 PSYoungGen      total 141824K, used 10749K [0x00000000da180000, 0x00000000e3680000, 0x0000000100000000)
  eden space 131072K, 0% used [0x00000000da180000,0x00000000da180000,0x00000000e2180000)
  from space 10752K, 99% used [0x00000000e2c00000,0x00000000e367f548,0x00000000e3680000)
  to   space 10752K, 0% used [0x00000000e2180000,0x00000000e2180000,0x00000000e2c00000)
 ParOldGen       total 175104K, used 2542K [0x000000008e400000, 0x0000000098f00000, 0x00000000da180000)
  object space 175104K, 1% used [0x000000008e400000,0x000000008e67b9a8,0x0000000098f00000)
 Metaspace       used 20746K, capacity 20986K, committed 21248K, reserved 1069056K
  class space    used 2326K, capacity 2436K, committed 2560K, reserved 1048576K
Event: 2.982 GC heap after
Heap after GC invocations=5 (full 1):
 PSYoungGen      total 141824K, used 0K [0x00000000da180000, 0x00000000e3680000, 0x0000000100000000)
  eden space 131072K, 0% used [0x00000000da180000,0x00000000da180000,0x00000000e2180000)
  from space 10752K, 0% used [0x00000000e2c00000,0x00000000e2c00000,0x00000000e3680000)
  to   space 10752K, 0% used [0x00000000e2180000,0x00000000e2180000,0x00000000e2c00000)
 ParOldGen       total 112128K, used 13136K [0x000000008e400000, 0x0000000095180000, 0x00000000da180000)
  object space 112128K, 11% used [0x000000008e400000,0x000000008f0d4020,0x0000000095180000)
 Metaspace       used 20746K, capacity 20986K, committed 21248K, reserved 1069056K
  class space    used 2326K, capacity 2436K, committed 2560K, reserved 1048576K
}

Deoptimization events (10 events):
Event: 5.585 Thread 0x000000000318b000 Uncommon trap: reason=bimorphic action=maybe_recompile pc=0x0000000003bf1190 method=java.util.regex.Matcher.search(I)Z @ 86
Event: 5.585 Thread 0x000000000318b000 Uncommon trap: reason=bimorphic action=maybe_recompile pc=0x0000000003c5ec24 method=java.util.regex.Pattern$Curly.match(Ljava/util/regex/Matcher;ILjava/lang/CharSequence;)Z @ 19
Event: 5.585 Thread 0x000000000318b000 Uncommon trap: reason=bimorphic action=maybe_recompile pc=0x0000000003bf1190 method=java.util.regex.Matcher.search(I)Z @ 86
Event: 5.585 Thread 0x000000000318b000 Uncommon trap: reason=bimorphic action=maybe_recompile pc=0x0000000003bf1190 method=java.util.regex.Matcher.search(I)Z @ 86
Event: 5.585 Thread 0x000000000318b000 Uncommon trap: reason=bimorphic action=maybe_recompile pc=0x0000000003bf1190 method=java.util.regex.Matcher.search(I)Z @ 86
Event: 5.585 Thread 0x000000000318b000 Uncommon trap: reason=bimorphic action=maybe_recompile pc=0x0000000003c5ec24 method=java.util.regex.Pattern$Curly.match(Ljava/util/regex/Matcher;ILjava/lang/CharSequence;)Z @ 19
Event: 5.585 Thread 0x000000000318b000 Uncommon trap: reason=unstable_if action=reinterpret pc=0x0000000003aef0d4 method=java.util.regex.Pattern$CharProperty.match(Ljava/util/regex/Matcher;ILjava/lang/CharSequence;)Z @ 21
Event: 5.605 Thread 0x000000000318b000 Uncommon trap: reason=bimorphic action=maybe_recompile pc=0x0000000003c5ec24 method=java.util.regex.Pattern$Curly.match(Ljava/util/regex/Matcher;ILjava/lang/CharSequence;)Z @ 19
Event: 5.606 Thread 0x000000000318b000 Uncommon trap: reason=bimorphic action=maybe_recompile pc=0x0000000003c5ec24 method=java.util.regex.Pattern$Curly.match(Ljava/util/regex/Matcher;ILjava/lang/CharSequence;)Z @ 19
Event: 5.671 Thread 0x000000000318b000 Uncommon trap: reason=unstable_if action=reinterpret pc=0x0000000003b274d8 method=java.util.regex.Pattern$BmpCharProperty.match(Ljava/util/regex/Matcher;ILjava/lang/CharSequence;)Z @ 34

Classes redefined (0 events):
No events

Internal exceptions (10 events):
Event: 3.157 Thread 0x000000000318b000 Exception <a 'java/lang/ClassNotFoundException': com/kms/katalon/core/logging/KeywordLoggerCustomizer> (0x00000000db45a578) thrown at [C:\re\workspace\8-2-build-windows-amd64-cygwin\jdk8u181\11358\hotspot\src\share\vm\classfile\systemDictionary.cpp, line 
Event: 3.441 Thread 0x000000000318b000 Exception <a 'java/lang/NoClassDefFoundError': org/apache/log4j/Priority> (0x00000000dbe2a9d8) thrown at [C:\re\workspace\8-2-build-windows-amd64-cygwin\jdk8u181\11358\hotspot\src\share\vm\classfile\systemDictionary.cpp, line 199]
Event: 4.955 Thread 0x000000001c4be800 Exception <a 'java/net/SocketTimeoutException': connect timed out> (0x00000000dd5f5270) thrown at [C:\re\workspace\8-2-build-windows-amd64-cygwin\jdk8u181\11358\hotspot\src\share\vm\prims\jni.cpp, line 735]
Event: 5.510 Thread 0x000000000318b000 Exception <a 'java/lang/IncompatibleClassChangeError': Found class java.lang.Object, but interface was expected> (0x00000000dda76ef8) thrown at [C:\re\workspace\8-2-build-windows-amd64-cygwin\jdk8u181\11358\hotspot\src\share\vm\interpreter\linkResolver.cp
Event: 5.513 Thread 0x000000000318b000 Exception <a 'java/lang/NoSuchMethodError': java.lang.Object.lambda$or$2(Ljava/util/function/Predicate;Ljava/lang/Object;)Z> (0x00000000dda85128) thrown at [C:\re\workspace\8-2-build-windows-amd64-cygwin\jdk8u181\11358\hotspot\src\share\vm\interpreter\lin
Event: 10.362 Thread 0x000000000318b000 Exception <a 'java/net/SocketTimeoutException': Read timed out> (0x00000000dee7fe58) thrown at [C:\re\workspace\8-2-build-windows-amd64-cygwin\jdk8u181\11358\hotspot\src\share\vm\prims\jni.cpp, line 735]
Event: 10.380 Thread 0x000000000318b000 Exception <a 'java/net/SocketTimeoutException': Read timed out> (0x00000000def19c78) thrown at [C:\re\workspace\8-2-build-windows-amd64-cygwin\jdk8u181\11358\hotspot\src\share\vm\prims\jni.cpp, line 735]
Event: 10.434 Thread 0x000000000318b000 Exception <a 'java/lang/ClassNotFoundException': com/kms/katalon/core/webui/keyword/builtin/MaximizeWindowKeywordBeanInfo> (0x00000000df0c6110) thrown at [C:\re\workspace\8-2-build-windows-amd64-cygwin\jdk8u181\11358\hotspot\src\share\vm\classfile\systemD
Event: 10.435 Thread 0x000000000318b000 Exception <a 'java/lang/ClassNotFoundException': com/kms/katalon/core/webui/keyword/builtin/MaximizeWindowKeywordCustomizer> (0x00000000df10b178) thrown at [C:\re\workspace\8-2-build-windows-amd64-cygwin\jdk8u181\11358\hotspot\src\share\vm\classfile\syste
Event: 10.449 Thread 0x000000000318b000 Exception <a 'java/net/SocketTimeoutException': Read timed out> (0x00000000df1489f0) thrown at [C:\re\workspace\8-2-build-windows-amd64-cygwin\jdk8u181\11358\hotspot\src\share\vm\prims\jni.cpp, line 735]

Events (10 events):
Event: 10.437 loading class org/openqa/selenium/remote/RemoteWebDriver$RemoteWebDriverOptions$RemoteWindow done
Event: 10.438 loading class org/openqa/selenium/net/Urls
Event: 10.438 loading class org/openqa/selenium/net/Urls done
Event: 10.475 Executing VM operation: RevokeBias
Event: 10.475 Executing VM operation: RevokeBias done
Event: 10.475 Executing VM operation: RevokeBias
Event: 10.475 Executing VM operation: RevokeBias done
Event: 10.475 Executing VM operation: RevokeBias
Event: 10.475 Executing VM operation: RevokeBias done
Event: 10.475 Thread 0x00000000207b2800 Thread exited: 0x00000000207b2800


Dynamic libraries:
0x00007ff6fdb10000 - 0x00007ff6fdb47000 	C:\Users\adrian.dobre\Desktop\Katalon_Studio_Windows_64-6.1.4\jre\bin\javaw.exe
0x00007ffdc0100000 - 0x00007ffdc02ed000 	C:\windows\SYSTEM32\ntdll.dll
0x00007ffdbd5a0000 - 0x00007ffdbd653000 	C:\windows\System32\KERNEL32.DLL
0x00007ffdbc420000 - 0x00007ffdbc6b3000 	C:\windows\System32\KERNELBASE.dll
0x00000000637d0000 - 0x0000000063865000 	C:\windows\System32\SYSFER.DLL
0x00007ffdbe100000 - 0x00007ffdbe1a3000 	C:\windows\System32\ADVAPI32.dll
0x00007ffdbd880000 - 0x00007ffdbd91e000 	C:\windows\System32\msvcrt.dll
0x00007ffdbdc80000 - 0x00007ffdbdd1e000 	C:\windows\System32\sechost.dll
0x00007ffdbdb30000 - 0x00007ffdbdc52000 	C:\windows\System32\RPCRT4.dll
0x00007ffdbdd20000 - 0x00007ffdbdeb7000 	C:\windows\System32\USER32.dll
0x00007ffdbd260000 - 0x00007ffdbd280000 	C:\windows\System32\win32u.dll
0x00007ffdbdec0000 - 0x00007ffdbdee9000 	C:\windows\System32\GDI32.dll
0x00007ffdbc230000 - 0x00007ffdbc3ca000 	C:\windows\System32\gdi32full.dll
0x00007ffdbcfe0000 - 0x00007ffdbd080000 	C:\windows\System32\msvcp_win.dll
0x00007ffdbce90000 - 0x00007ffdbcf8a000 	C:\windows\System32\ucrtbase.dll
0x00007ffda0760000 - 0x00007ffda09d9000 	C:\windows\WinSxS\amd64_microsoft.windows.common-controls_6595b64144ccf1df_6.0.17763.503_none_05b23ef40721f4ae\COMCTL32.dll
0x00007ffdbe850000 - 0x00007ffdbeb7c000 	C:\windows\System32\combase.dll
0x00007ffdbc6c0000 - 0x00007ffdbc73e000 	C:\windows\System32\bcryptPrimitives.dll
0x00007ffdbe840000 - 0x00007ffdbe848000 	C:\windows\System32\psapi.dll
0x00007ffdbe060000 - 0x00007ffdbe08e000 	C:\windows\System32\IMM32.DLL
0x00000000611b0000 - 0x0000000061282000 	C:\Users\adrian.dobre\Desktop\Katalon_Studio_Windows_64-6.1.4\jre\bin\msvcr100.dll
0x00000000616c0000 - 0x0000000061f62000 	C:\Users\adrian.dobre\Desktop\Katalon_Studio_Windows_64-6.1.4\jre\bin\server\jvm.dll
0x00007ffda95c0000 - 0x00007ffda95c9000 	C:\windows\SYSTEM32\WSOCK32.dll
0x00007ffdbe090000 - 0x00007ffdbe0fd000 	C:\windows\System32\WS2_32.dll
0x00007ffdb7860000 - 0x00007ffdb7884000 	C:\windows\SYSTEM32\WINMM.dll
0x00007ffdaf310000 - 0x00007ffdaf31a000 	C:\windows\SYSTEM32\VERSION.dll
0x00007ffdb7810000 - 0x00007ffdb783d000 	C:\windows\SYSTEM32\WINMMBASE.dll
0x00007ffdbc3d0000 - 0x00007ffdbc41a000 	C:\windows\System32\cfgmgr32.dll
0x00000000615d0000 - 0x00000000615df000 	C:\Users\adrian.dobre\Desktop\Katalon_Studio_Windows_64-6.1.4\jre\bin\verify.dll
0x00000000615a0000 - 0x00000000615c9000 	C:\Users\adrian.dobre\Desktop\Katalon_Studio_Windows_64-6.1.4\jre\bin\java.dll
0x0000000061580000 - 0x0000000061596000 	C:\Users\adrian.dobre\Desktop\Katalon_Studio_Windows_64-6.1.4\jre\bin\zip.dll
0x00007ffdbeb80000 - 0x00007ffdc0070000 	C:\windows\System32\SHELL32.dll
0x00007ffdbd330000 - 0x00007ffdbd3d8000 	C:\windows\System32\shcore.dll
0x00007ffdbc740000 - 0x00007ffdbce8a000 	C:\windows\System32\windows.storage.dll
0x00007ffdbc100000 - 0x00007ffdbc124000 	C:\windows\System32\profapi.dll
0x00007ffdbc170000 - 0x00007ffdbc1cd000 	C:\windows\System32\powrprof.dll
0x00007ffdbe1b0000 - 0x00007ffdbe202000 	C:\windows\System32\shlwapi.dll
0x00007ffdbc130000 - 0x00007ffdbc141000 	C:\windows\System32\kernel.appcore.dll
0x00007ffdbcfc0000 - 0x00007ffdbcfd7000 	C:\windows\System32\cryptsp.dll
0x0000000061560000 - 0x000000006157a000 	C:\Users\adrian.dobre\Desktop\Katalon_Studio_Windows_64-6.1.4\jre\bin\net.dll
0x00007ffdbb980000 - 0x00007ffdbb9e7000 	C:\windows\system32\mswsock.dll
0x0000000061540000 - 0x0000000061551000 	C:\Users\adrian.dobre\Desktop\Katalon_Studio_Windows_64-6.1.4\jre\bin\nio.dll
0x00007ffdbb730000 - 0x00007ffdbb7f6000 	C:\windows\SYSTEM32\DNSAPI.dll
0x00007ffdbdef0000 - 0x00007ffdbdef8000 	C:\windows\System32\NSI.dll
0x00007ffdbb6e0000 - 0x00007ffdbb71d000 	C:\windows\SYSTEM32\IPHLPAPI.DLL
0x00007ffdaf040000 - 0x00007ffdaf04a000 	C:\Windows\System32\rasadhlp.dll
0x00007ffdb6530000 - 0x00007ffdb65a9000 	C:\windows\System32\fwpuclnt.dll
0x00007ffdbcf90000 - 0x00007ffdbcfb6000 	C:\windows\System32\bcrypt.dll
0x0000000061510000 - 0x0000000061534000 	C:\Users\adrian.dobre\Desktop\Katalon_Studio_Windows_64-6.1.4\jre\bin\sunec.dll
0x00007ffdb1ff0000 - 0x00007ffdb2006000 	C:\windows\SYSTEM32\dhcpcsvc6.DLL
0x00007ffdb1c80000 - 0x00007ffdb1c9c000 	C:\windows\SYSTEM32\dhcpcsvc.DLL
0x00007ffdbb540000 - 0x00007ffdbb573000 	C:\windows\system32\rsaenh.dll
0x00007ffdbc030000 - 0x00007ffdbc058000 	C:\windows\SYSTEM32\USERENV.dll
0x00007ffdbbb50000 - 0x00007ffdbbb5c000 	C:\windows\SYSTEM32\CRYPTBASE.dll
0x00007ffdb1df0000 - 0x00007ffdb1e06000 	C:\windows\system32\napinsp.dll
0x00007ffdb1c60000 - 0x00007ffdb1c7a000 	C:\windows\system32\pnrpnsp.dll
0x00007ffdb4920000 - 0x00007ffdb492e000 	C:\windows\System32\winrnr.dll
0x00007ffdb83a0000 - 0x00007ffdb83bb000 	C:\windows\system32\NLAapi.dll
0x00007ffdb09f0000 - 0x00007ffdb0a05000 	C:\windows\system32\wshbth.dll
0x00007ffdaacb0000 - 0x00007ffdaae9d000 	C:\windows\SYSTEM32\dbghelp.dll

VM Arguments:
jvm_args: -Dgroovy.home=/C:/Users/adrian.dobre/Desktop/Katalon_Studio_Windows_64-6.1.4/plugins/org.codehaus.groovy_2.4.7.xx-201611170128-e46/ -Xmx1820m -Dfile.encoding=UTF-8 
java_command: org.codehaus.groovy.tools.GroovyStarter --classpath C:\Users\adrian.dobre\Katalon Studio\Genuine GM Parts\Include\scripts\groovy;C:\Users\adrian.dobre\Katalon Studio\Genuine GM Parts\Keywords;C:\Users\adrian.dobre\Katalon Studio\Genuine GM Parts\Libs;C:\Users\adrian.dobre\Katalon Studio\Genuine GM Parts\Test Listeners;C:\Users\adrian.dobre\Desktop\Katalon_Studio_Windows_64-6.1.4\configuration\resources\lib\bcpkix-jdk15on-1.58.jar;C:\Users\adrian.dobre\Desktop\Katalon_Studio_Windows_64-6.1.4\configuration\resources\lib\bcprov-jdk15on-1.58.jar;C:\Users\adrian.dobre\Desktop\Katalon_Studio_Windows_64-6.1.4\configuration\resources\lib\browsermob-core-2.1.5.jar;C:\Users\adrian.dobre\Desktop\Katalon_Studio_Windows_64-6.1.4\configuration\resources\lib\dnsjava-2.1.8.jar;C:\Users\adrian.dobre\Desktop\Katalon_Studio_Windows_64-6.1.4\configuration\resources\lib\java-client-5.0.4.jar;C:\Users\adrian.dobre\Desktop\Katalon_Studio_Windows_64-6.1.4\configuration\resources\lib\jna-4.1.0.jar;C:\Users\adrian.dobre\Desktop\Katalon_Studio_Windows_64-6.1.4\configuration\resources\lib\jna-platform-4.1.0.jar;C:\Users\adrian.dobre\Desktop\Katalon_Studio_Windows_64-6.1.4\configuration\resources\lib\jzlib-1.1.3.jar;C:\Users\adrian.dobre\Desktop\Katalon_Studio_Windows_64-6.1.4\configuration\resources\lib\kat-server.jar;C:\Users\adrian.dobre\Desktop\Katalon_Studio_Windows_64-6.1.4\configuration\resources\lib\littleproxy-1.1.0-beta-bmp-17.jar;C:\Users\adrian.dobre\Desktop\Katalon_Studio_Windows_64-6.1.4\configuration\resources\lib\mitm-2.1.5.jar;C:\Users\adrian.dobre\Desktop\Katalon_Studio_Windows_64-6.1.4\configuration\resources\lib\netty-all-4.0.51.Final.jar;C:\Users\adrian.dobre\Desktop\Katalon_Studio_Windows_64-6.1.4\configuration\resources\lib\repackaged-guava-19.0.jar;C:\Users\adrian.dobre\Desktop\Katalon_Studio_Windows_64-6.1.4\configuration\resources\lib\repackaged-sikuli-api-1.0.2-standalone.jar;C:\Users\adrian.dobre\Desktop\Katalon_Studio_Windows_64-6.1.4\configuration\r
java_class_path (initial): C:\Users\adrian.dobre\Katalon Studio\Genuine GM Parts\bin\keyword;C:\Users\adrian.dobre\Katalon Studio\Genuine GM Parts\bin\listener;C:\Users\adrian.dobre\Katalon Studio\Genuine GM Parts\bin\lib;C:\Users\adrian.dobre\Katalon Studio\Genuine GM Parts\bin\groovy;C:\Users\adrian.dobre\Katalon Studio\Genuine GM Parts\bin;C:\Users\adrian.dobre\Desktop\Katalon_Studio_Windows_64-6.1.4\plugins\com.kms.katalon.core_1.0.0.201905071707.jar;C:\Users\adrian.dobre\Desktop\Katalon_Studio_Windows_64-6.1.4\configuration\resources\lib\bcpkix-jdk15on-1.58.jar;C:\Users\adrian.dobre\Desktop\Katalon_Studio_Windows_64-6.1.4\configuration\resources\lib\bcprov-jdk15on-1.58.jar;C:\Users\adrian.dobre\Desktop\Katalon_Studio_Windows_64-6.1.4\configuration\resources\lib\browsermob-core-2.1.5.jar;C:\Users\adrian.dobre\Desktop\Katalon_Studio_Windows_64-6.1.4\configuration\resources\lib\dnsjava-2.1.8.jar;C:\Users\adrian.dobre\Desktop\Katalon_Studio_Windows_64-6.1.4\configuration\resources\lib\java-client-5.0.4.jar;C:\Users\adrian.dobre\Desktop\Katalon_Studio_Windows_64-6.1.4\configuration\resources\lib\jna-4.1.0.jar;C:\Users\adrian.dobre\Desktop\Katalon_Studio_Windows_64-6.1.4\configuration\resources\lib\jna-platform-4.1.0.jar;C:\Users\adrian.dobre\Desktop\Katalon_Studio_Windows_64-6.1.4\configuration\resources\lib\jzlib-1.1.3.jar;C:\Users\adrian.dobre\Desktop\Katalon_Studio_Windows_64-6.1.4\configuration\resources\lib\kat-server.jar;C:\Users\adrian.dobre\Desktop\Katalon_Studio_Windows_64-6.1.4\configuration\resources\lib\littleproxy-1.1.0-beta-bmp-17.jar;C:\Users\adrian.dobre\Desktop\Katalon_Studio_Windows_64-6.1.4\configuration\resources\lib\mitm-2.1.5.jar;C:\Users\adrian.dobre\Desktop\Katalon_Studio_Windows_64-6.1.4\configuration\resources\lib\netty-all-4.0.51.Final.jar;C:\Users\adrian.dobre\Desktop\Katalon_Studio_Windows_64-6.1.4\configuration\resources\lib\repackaged-guava-19.0.jar;C:\Users\adrian.dobre\Desktop\Katalon_Studio_Windows_64-6.1.4\configuration\resources
Launcher Type: SUN_STANDARD

Environment Variables:
PATH=C:/Users/adrian.dobre/Desktop/Katalon_Studio_Windows_64-6.1.4/jre/bin/server;C:/Users/adrian.dobre/Desktop/Katalon_Studio_Windows_64-6.1.4/jre/bin;C:/Users/adrian.dobre/Desktop/Katalon_Studio_Windows_64-6.1.4/jre/lib/amd64;C:\Program Files (x86)\Common Files\Oracle\Java\javapath;C:\windows\system32;C:\windows;C:\windows\System32\Wbem;C:\windows\System32\WindowsPowerShell\v1.0\;C:\windows\System32\OpenSSH\;C:\Program Files\Git\cmd;C:\Users\adrian.dobre\AppData\Local\Microsoft\WindowsApps;;C:\Users\adrian.dobre\Desktop\Katalon_Studio_Windows_64-6.1.4;
USERNAME=adrian.dobre
OS=Windows_NT
PROCESSOR_IDENTIFIER=Intel64 Family 6 Model 142 Stepping 9, GenuineIntel



---------------  S Y S T E M  ---------------

OS: Windows 10.0 , 64 bit Build 17763 (10.0.17763.475)

CPU:total 4 (initial active 4) (2 cores per cpu, 2 threads per core) family 6 model 142 stepping 9, cmov, cx8, fxsr, mmx, sse, sse2, sse3, ssse3, sse4.1, sse4.2, popcnt, avx, avx2, aes, clmul, erms, 3dnowpref, lzcnt, ht, tsc, tscinvbit, bmi1, bmi2, adx

Memory: 4k page, physical 16670452k(8814212k free), swap 19160820k(8651016k free)

vm_info: Java HotSpot(TM) 64-Bit Server VM (25.181-b13) for windows-amd64 JRE (1.8.0_181-b13), built on Jul  7 2018 04:01:33 by "java_re" with MS VC++ 10.0 (VS2010)

time: Tue May 28 19:45:33 2019
elapsed time: 10 seconds (0d 0h 0m 10s)

